<?xml version="1.0" encoding="UTF-8"?>
<!-- Generated by org.testng.reporters.JUnitXMLReporter -->
<testsuite ignored="0" hostname="SSSLT025" failures="0" tests="6" name="Default test" time="118.041" errors="0" timestamp="2024-09-05T10:20:51 IST">
  <testcase classname="allPages.CheckPayments" name="CheckPaymentsClick" time="5.012"/>
  <testcase classname="allPages.CheckPayments" name="TC01" time="6.448"/>
  <testcase classname="allPages.CheckPayments" name="TC02" time="12.142"/>
  <testcase classname="allPages.CheckPayments" name="TC03" time="19.57"/>
  <testcase classname="allPages.CheckPayments" name="TC04" time="13.872"/>
  <testcase classname="allPages.CheckPayments" name="TC05" time="21.84"/>
</testsuite> <!-- Default test -->
