<?xml version="1.0" encoding="UTF-8"?>
<!-- Generated by org.testng.reporters.JUnitXMLReporter -->
<testsuite ignored="0" hostname="SSSLT025" failures="0" tests="3" name="Default test" time="38.219" errors="0" timestamp="2024-09-05T10:29:15 IST">
  <testcase classname="allPages.CheckPayments" name="CheckPaymentsClick" time="2.7"/>
  <testcase classname="allPages.CheckPayments" name="TC01" time="8.733"/>
  <testcase classname="allPages.CheckPayments" name="TC02" time="3.417"/>
</testsuite> <!-- Default test -->
