<?xml version="1.0" encoding="UTF-8"?>
<testng-results ignored="0" total="6" passed="6" failed="0" skipped="0">
  <reporter-output>
  </reporter-output>
  <suite started-at="2024-08-09T10:14:21 IST" name="Default suite" finished-at="2024-08-09T10:16:49 IST" duration-ms="148558">
    <groups>
    </groups>
    <test started-at="2024-08-09T10:14:21 IST" name="Default test" finished-at="2024-08-09T10:16:49 IST" duration-ms="148558">
      <class name="allPages.CheckPayments">
        <test-method is-config="true" signature="launch()[pri:0, instance:allPages.CheckPayments@68567e20]" started-at="2024-08-09T10:14:21 IST" name="launch" finished-at="2024-08-09T10:14:21 IST" duration-ms="7" status="PASS">
          <reporter-output>
          </reporter-output>
        </test-method> <!-- launch -->
        <test-method is-config="true" signature="setUp()[pri:0, instance:allPages.CheckPayments@68567e20]" started-at="2024-08-09T10:14:21 IST" name="setUp" finished-at="2024-08-09T10:14:29 IST" duration-ms="8062" status="PASS">
          <reporter-output>
          </reporter-output>
        </test-method> <!-- setUp -->
        <test-method signature="CheckPaymentsClick()[pri:1, instance:allPages.CheckPayments@68567e20]" started-at="2024-08-09T10:14:29 IST" name="CheckPaymentsClick" finished-at="2024-08-09T10:14:37 IST" duration-ms="8143" status="PASS">
          <reporter-output>
          </reporter-output>
        </test-method> <!-- CheckPaymentsClick -->
        <test-method is-config="true" signature="tearDown()[pri:0, instance:allPages.CheckPayments@68567e20]" started-at="2024-08-09T10:14:37 IST" name="tearDown" finished-at="2024-08-09T10:14:41 IST" duration-ms="3780" status="PASS">
          <reporter-output>
          </reporter-output>
        </test-method> <!-- tearDown -->
        <test-method is-config="true" signature="setUp()[pri:0, instance:allPages.CheckPayments@68567e20]" started-at="2024-08-09T10:14:41 IST" name="setUp" finished-at="2024-08-09T10:14:48 IST" duration-ms="7216" status="PASS">
          <reporter-output>
          </reporter-output>
        </test-method> <!-- setUp -->
        <test-method is-config="true" signature="launch()[pri:0, instance:allPages.CheckPayments@68567e20]" started-at="2024-08-09T10:14:41 IST" name="launch" finished-at="2024-08-09T10:14:41 IST" duration-ms="0" status="PASS">
          <reporter-output>
          </reporter-output>
        </test-method> <!-- launch -->
        <test-method signature="TC01()[pri:2, instance:allPages.CheckPayments@68567e20]" started-at="2024-08-09T10:14:48 IST" name="TC01" finished-at="2024-08-09T10:14:57 IST" duration-ms="8793" status="PASS">
          <reporter-output>
          </reporter-output>
        </test-method> <!-- TC01 -->
        <test-method is-config="true" signature="tearDown()[pri:0, instance:allPages.CheckPayments@68567e20]" started-at="2024-08-09T10:14:57 IST" name="tearDown" finished-at="2024-08-09T10:15:00 IST" duration-ms="3440" status="PASS">
          <reporter-output>
          </reporter-output>
        </test-method> <!-- tearDown -->
        <test-method is-config="true" signature="launch()[pri:0, instance:allPages.CheckPayments@68567e20]" started-at="2024-08-09T10:15:00 IST" name="launch" finished-at="2024-08-09T10:15:00 IST" duration-ms="0" status="PASS">
          <reporter-output>
          </reporter-output>
        </test-method> <!-- launch -->
        <test-method is-config="true" signature="setUp()[pri:0, instance:allPages.CheckPayments@68567e20]" started-at="2024-08-09T10:15:00 IST" name="setUp" finished-at="2024-08-09T10:15:08 IST" duration-ms="7541" status="PASS">
          <reporter-output>
          </reporter-output>
        </test-method> <!-- setUp -->
        <test-method signature="TC02()[pri:3, instance:allPages.CheckPayments@68567e20]" started-at="2024-08-09T10:15:08 IST" name="TC02" finished-at="2024-08-09T10:15:18 IST" duration-ms="10213" status="PASS">
          <reporter-output>
          </reporter-output>
        </test-method> <!-- TC02 -->
        <test-method is-config="true" signature="tearDown()[pri:0, instance:allPages.CheckPayments@68567e20]" started-at="2024-08-09T10:15:18 IST" name="tearDown" finished-at="2024-08-09T10:15:22 IST" duration-ms="3683" status="PASS">
          <reporter-output>
          </reporter-output>
        </test-method> <!-- tearDown -->
        <test-method is-config="true" signature="launch()[pri:0, instance:allPages.CheckPayments@68567e20]" started-at="2024-08-09T10:15:22 IST" name="launch" finished-at="2024-08-09T10:15:22 IST" duration-ms="1" status="PASS">
          <reporter-output>
          </reporter-output>
        </test-method> <!-- launch -->
        <test-method is-config="true" signature="setUp()[pri:0, instance:allPages.CheckPayments@68567e20]" started-at="2024-08-09T10:15:22 IST" name="setUp" finished-at="2024-08-09T10:15:29 IST" duration-ms="7294" status="PASS">
          <reporter-output>
          </reporter-output>
        </test-method> <!-- setUp -->
        <test-method signature="TC03()[pri:4, instance:allPages.CheckPayments@68567e20]" started-at="2024-08-09T10:15:29 IST" name="TC03" finished-at="2024-08-09T10:15:47 IST" duration-ms="17873" status="PASS">
          <reporter-output>
          </reporter-output>
        </test-method> <!-- TC03 -->
        <test-method is-config="true" signature="tearDown()[pri:0, instance:allPages.CheckPayments@68567e20]" started-at="2024-08-09T10:15:47 IST" name="tearDown" finished-at="2024-08-09T10:15:50 IST" duration-ms="3332" status="PASS">
          <reporter-output>
          </reporter-output>
        </test-method> <!-- tearDown -->
        <test-method is-config="true" signature="launch()[pri:0, instance:allPages.CheckPayments@68567e20]" started-at="2024-08-09T10:15:50 IST" name="launch" finished-at="2024-08-09T10:15:50 IST" duration-ms="0" status="PASS">
          <reporter-output>
          </reporter-output>
        </test-method> <!-- launch -->
        <test-method is-config="true" signature="setUp()[pri:0, instance:allPages.CheckPayments@68567e20]" started-at="2024-08-09T10:15:50 IST" name="setUp" finished-at="2024-08-09T10:15:58 IST" duration-ms="7490" status="PASS">
          <reporter-output>
          </reporter-output>
        </test-method> <!-- setUp -->
        <test-method signature="TC04()[pri:5, instance:allPages.CheckPayments@68567e20]" started-at="2024-08-09T10:15:58 IST" name="TC04" finished-at="2024-08-09T10:16:11 IST" duration-ms="13308" status="PASS">
          <reporter-output>
          </reporter-output>
        </test-method> <!-- TC04 -->
        <test-method is-config="true" signature="tearDown()[pri:0, instance:allPages.CheckPayments@68567e20]" started-at="2024-08-09T10:16:11 IST" name="tearDown" finished-at="2024-08-09T10:16:14 IST" duration-ms="3159" status="PASS">
          <reporter-output>
          </reporter-output>
        </test-method> <!-- tearDown -->
        <test-method is-config="true" signature="launch()[pri:0, instance:allPages.CheckPayments@68567e20]" started-at="2024-08-09T10:16:14 IST" name="launch" finished-at="2024-08-09T10:16:14 IST" duration-ms="1" status="PASS">
          <reporter-output>
          </reporter-output>
        </test-method> <!-- launch -->
        <test-method is-config="true" signature="setUp()[pri:0, instance:allPages.CheckPayments@68567e20]" started-at="2024-08-09T10:16:14 IST" name="setUp" finished-at="2024-08-09T10:16:22 IST" duration-ms="7580" status="PASS">
          <reporter-output>
          </reporter-output>
        </test-method> <!-- setUp -->
        <test-method signature="TC05()[pri:6, instance:allPages.CheckPayments@68567e20]" started-at="2024-08-09T10:16:22 IST" name="TC05" finished-at="2024-08-09T10:16:45 IST" duration-ms="22891" status="PASS">
          <reporter-output>
          </reporter-output>
        </test-method> <!-- TC05 -->
        <test-method is-config="true" signature="tearDown()[pri:0, instance:allPages.CheckPayments@68567e20]" started-at="2024-08-09T10:16:45 IST" name="tearDown" finished-at="2024-08-09T10:16:49 IST" duration-ms="4702" status="PASS">
          <reporter-output>
          </reporter-output>
        </test-method> <!-- tearDown -->
      </class> <!-- allPages.CheckPayments -->
    </test> <!-- Default test -->
  </suite> <!-- Default suite -->
</testng-results>
