<?xml version="1.0" encoding="UTF-8"?>
<testng-results ignored="0" total="6" passed="6" failed="0" skipped="0">
  <reporter-output>
  </reporter-output>
  <suite started-at="2024-09-05T10:18:53 IST" name="Default suite" finished-at="2024-09-05T10:20:51 IST" duration-ms="118041">
    <groups>
    </groups>
    <test started-at="2024-09-05T10:18:53 IST" name="Default test" finished-at="2024-09-05T10:20:51 IST" duration-ms="118041">
      <class name="allPages.CheckPayments">
        <test-method is-config="true" signature="launch()[pri:0, instance:allPages.CheckPayments@6a03bcb1]" started-at="2024-09-05T10:18:53 IST" name="launch" finished-at="2024-09-05T10:18:53 IST" duration-ms="16" status="PASS">
          <reporter-output>
          </reporter-output>
        </test-method> <!-- launch -->
        <test-method is-config="true" signature="setUp()[pri:0, instance:allPages.CheckPayments@6a03bcb1]" started-at="2024-09-05T10:18:53 IST" name="setUp" finished-at="2024-09-05T10:18:57 IST" duration-ms="4309" status="PASS">
          <reporter-output>
          </reporter-output>
        </test-method> <!-- setUp -->
        <test-method signature="CheckPaymentsClick()[pri:1, instance:allPages.CheckPayments@6a03bcb1]" started-at="2024-09-05T10:18:57 IST" name="CheckPaymentsClick" finished-at="2024-09-05T10:19:02 IST" duration-ms="5012" status="PASS">
          <reporter-output>
          </reporter-output>
        </test-method> <!-- CheckPaymentsClick -->
        <test-method is-config="true" signature="tearDown()[pri:0, instance:allPages.CheckPayments@6a03bcb1]" started-at="2024-09-05T10:19:02 IST" name="tearDown" finished-at="2024-09-05T10:19:05 IST" duration-ms="3275" status="PASS">
          <reporter-output>
          </reporter-output>
        </test-method> <!-- tearDown -->
        <test-method is-config="true" signature="setUp()[pri:0, instance:allPages.CheckPayments@6a03bcb1]" started-at="2024-09-05T10:19:05 IST" name="setUp" finished-at="2024-09-05T10:19:09 IST" duration-ms="3478" status="PASS">
          <reporter-output>
          </reporter-output>
        </test-method> <!-- setUp -->
        <test-method is-config="true" signature="launch()[pri:0, instance:allPages.CheckPayments@6a03bcb1]" started-at="2024-09-05T10:19:05 IST" name="launch" finished-at="2024-09-05T10:19:05 IST" duration-ms="0" status="PASS">
          <reporter-output>
          </reporter-output>
        </test-method> <!-- launch -->
        <test-method signature="TC01()[pri:2, instance:allPages.CheckPayments@6a03bcb1]" started-at="2024-09-05T10:19:09 IST" name="TC01" finished-at="2024-09-05T10:19:15 IST" duration-ms="6448" status="PASS">
          <reporter-output>
          </reporter-output>
        </test-method> <!-- TC01 -->
        <test-method is-config="true" signature="tearDown()[pri:0, instance:allPages.CheckPayments@6a03bcb1]" started-at="2024-09-05T10:19:15 IST" name="tearDown" finished-at="2024-09-05T10:19:19 IST" duration-ms="3640" status="PASS">
          <reporter-output>
          </reporter-output>
        </test-method> <!-- tearDown -->
        <test-method is-config="true" signature="launch()[pri:0, instance:allPages.CheckPayments@6a03bcb1]" started-at="2024-09-05T10:19:19 IST" name="launch" finished-at="2024-09-05T10:19:19 IST" duration-ms="0" status="PASS">
          <reporter-output>
          </reporter-output>
        </test-method> <!-- launch -->
        <test-method is-config="true" signature="setUp()[pri:0, instance:allPages.CheckPayments@6a03bcb1]" started-at="2024-09-05T10:19:19 IST" name="setUp" finished-at="2024-09-05T10:19:21 IST" duration-ms="2569" status="PASS">
          <reporter-output>
          </reporter-output>
        </test-method> <!-- setUp -->
        <test-method signature="TC02()[pri:3, instance:allPages.CheckPayments@6a03bcb1]" started-at="2024-09-05T10:19:21 IST" name="TC02" finished-at="2024-09-05T10:19:34 IST" duration-ms="12142" status="PASS">
          <reporter-output>
          </reporter-output>
        </test-method> <!-- TC02 -->
        <test-method is-config="true" signature="tearDown()[pri:0, instance:allPages.CheckPayments@6a03bcb1]" started-at="2024-09-05T10:19:34 IST" name="tearDown" finished-at="2024-09-05T10:19:37 IST" duration-ms="3273" status="PASS">
          <reporter-output>
          </reporter-output>
        </test-method> <!-- tearDown -->
        <test-method is-config="true" signature="setUp()[pri:0, instance:allPages.CheckPayments@6a03bcb1]" started-at="2024-09-05T10:19:37 IST" name="setUp" finished-at="2024-09-05T10:19:39 IST" duration-ms="2478" status="PASS">
          <reporter-output>
          </reporter-output>
        </test-method> <!-- setUp -->
        <test-method is-config="true" signature="launch()[pri:0, instance:allPages.CheckPayments@6a03bcb1]" started-at="2024-09-05T10:19:37 IST" name="launch" finished-at="2024-09-05T10:19:37 IST" duration-ms="0" status="PASS">
          <reporter-output>
          </reporter-output>
        </test-method> <!-- launch -->
        <test-method signature="TC03()[pri:4, instance:allPages.CheckPayments@6a03bcb1]" started-at="2024-09-05T10:19:39 IST" name="TC03" finished-at="2024-09-05T10:19:59 IST" duration-ms="19570" status="PASS">
          <reporter-output>
          </reporter-output>
        </test-method> <!-- TC03 -->
        <test-method is-config="true" signature="tearDown()[pri:0, instance:allPages.CheckPayments@6a03bcb1]" started-at="2024-09-05T10:19:59 IST" name="tearDown" finished-at="2024-09-05T10:20:02 IST" duration-ms="3209" status="PASS">
          <reporter-output>
          </reporter-output>
        </test-method> <!-- tearDown -->
        <test-method is-config="true" signature="launch()[pri:0, instance:allPages.CheckPayments@6a03bcb1]" started-at="2024-09-05T10:20:02 IST" name="launch" finished-at="2024-09-05T10:20:02 IST" duration-ms="0" status="PASS">
          <reporter-output>
          </reporter-output>
        </test-method> <!-- launch -->
        <test-method is-config="true" signature="setUp()[pri:0, instance:allPages.CheckPayments@6a03bcb1]" started-at="2024-09-05T10:20:02 IST" name="setUp" finished-at="2024-09-05T10:20:04 IST" duration-ms="2312" status="PASS">
          <reporter-output>
          </reporter-output>
        </test-method> <!-- setUp -->
        <test-method signature="TC04()[pri:5, instance:allPages.CheckPayments@6a03bcb1]" started-at="2024-09-05T10:20:04 IST" name="TC04" finished-at="2024-09-05T10:20:18 IST" duration-ms="13872" status="PASS">
          <reporter-output>
          </reporter-output>
        </test-method> <!-- TC04 -->
        <test-method is-config="true" signature="tearDown()[pri:0, instance:allPages.CheckPayments@6a03bcb1]" started-at="2024-09-05T10:20:18 IST" name="tearDown" finished-at="2024-09-05T10:20:23 IST" duration-ms="4920" status="PASS">
          <reporter-output>
          </reporter-output>
        </test-method> <!-- tearDown -->
        <test-method is-config="true" signature="setUp()[pri:0, instance:allPages.CheckPayments@6a03bcb1]" started-at="2024-09-05T10:20:23 IST" name="setUp" finished-at="2024-09-05T10:20:26 IST" duration-ms="2322" status="PASS">
          <reporter-output>
          </reporter-output>
        </test-method> <!-- setUp -->
        <test-method is-config="true" signature="launch()[pri:0, instance:allPages.CheckPayments@6a03bcb1]" started-at="2024-09-05T10:20:23 IST" name="launch" finished-at="2024-09-05T10:20:23 IST" duration-ms="0" status="PASS">
          <reporter-output>
          </reporter-output>
        </test-method> <!-- launch -->
        <test-method signature="TC05()[pri:6, instance:allPages.CheckPayments@6a03bcb1]" started-at="2024-09-05T10:20:26 IST" name="TC05" finished-at="2024-09-05T10:20:47 IST" duration-ms="21840" status="PASS">
          <reporter-output>
          </reporter-output>
        </test-method> <!-- TC05 -->
        <test-method is-config="true" signature="tearDown()[pri:0, instance:allPages.CheckPayments@6a03bcb1]" started-at="2024-09-05T10:20:47 IST" name="tearDown" finished-at="2024-09-05T10:20:51 IST" duration-ms="3220" status="PASS">
          <reporter-output>
          </reporter-output>
        </test-method> <!-- tearDown -->
      </class> <!-- allPages.CheckPayments -->
    </test> <!-- Default test -->
  </suite> <!-- Default suite -->
</testng-results>
